<?xml version="1.0" encoding="UTF-8"?>
<testsuite name="ohtuesimerkki.StatisticsTest" tests="4" skipped="0" failures="0" errors="0" timestamp="2019-11-04T12:35:16" hostname="lx9-fuxi013" time="0.004">
  <properties/>
  <testcase name="teamMetodiPalauttaaOikeatHenkilot" classname="ohtuesimerkki.StatisticsTest" time="0.003"/>
  <testcase name="searchMetodiLoytaaOikeanHenkilon" classname="ohtuesimerkki.StatisticsTest" time="0.0"/>
  <testcase name="topScorersMetodiPalauttaaOikeatHenkilot" classname="ohtuesimerkki.StatisticsTest" time="0.0"/>
  <testcase name="searchMetodiPalauttaaNullJosHenkiloaEiOle" classname="ohtuesimerkki.StatisticsTest" time="0.0"/>
  <system-out><![CDATA[]]></system-out>
  <system-err><![CDATA[]]></system-err>
</testsuite>
